Using pre-set license
Built from '2020.3/staging' branch; Version is '2020.3.30f1 (1fb1bf06830e) revision 2077119'; Using compiler version '192528614'; Build Type 'Release'
OS: 'Windows 11  (10.0.22000) 64bit CoreSingleLanguage' Language: 'en' Physical Memory: 16226 MB
BatchMode: 1, IsHumanControllingUs: 0, StartBugReporterOnCrash: 0, Is64bit: 1, IsPro: 0

COMMAND LINE ARGUMENTS:
C:\Program Files\Unity\Hub\Editor\2020.3.30f1\Editor\Unity.exe
-adb2
-batchMode
-noUpm
-name
AssetImportWorker0
-projectPath
C:/Unity Projects/ABC
-logFile
Logs/AssetImportWorker0.log
-srvPort
62561
Successfully changed project path to: C:/Unity Projects/ABC
C:/Unity Projects/ABC
Using Asset Import Pipeline V2.
Refreshing native plugins compatible for Editor in 45.78 ms, found 3 plugins.
Preloading 0 native plugins for Editor in 0.00 ms.
Initialize engine version: 2020.3.30f1 (1fb1bf06830e)
[Subsystems] Discovering subsystems at path C:/Program Files/Unity/Hub/Editor/2020.3.30f1/Editor/Data/Resources/UnitySubsystems
[Subsystems] Discovering subsystems at path C:/Unity Projects/ABC/Assets
GfxDevice: creating device client; threaded=0
Direct3D:
    Version:  Direct3D 11.0 [level 11.1]
    Renderer: NVIDIA GeForce GTX 1660 Ti (ID=0x2191)
    Vendor:   
    VRAM:     5991 MB
    Driver:   30.0.14.9676
Initialize mono
Mono path[0] = 'C:/Program Files/Unity/Hub/Editor/2020.3.30f1/Editor/Data/Managed'
Mono path[1] = 'C:/Program Files/Unity/Hub/Editor/2020.3.30f1/Editor/Data/MonoBleedingEdge/lib/mono/unityjit'
Mono config path = 'C:/Program Files/Unity/Hub/Editor/2020.3.30f1/Editor/Data/MonoBleedingEdge/etc'
Using monoOptions --debugger-agent=transport=dt_socket,embedding=1,server=y,suspend=n,address=127.0.0.1:56144
Begin MonoManager ReloadAssembly
Registering precompiled unity dll's ...
Register platform support module: C:/Program Files/Unity/Hub/Editor/2020.3.30f1/Editor/Data/PlaybackEngines/WebGLSupport/UnityEditor.WebGL.Extensions.dll
Register platform support module: C:/Program Files/Unity/Hub/Editor/2020.3.30f1/Editor/Data/PlaybackEngines/WindowsStandaloneSupport/UnityEditor.WindowsStandalone.Extensions.dll
Registered in 0.001834 seconds.
Native extension for WindowsStandalone target not found
Native extension for WebGL target not found
Refreshing native plugins compatible for Editor in 44.83 ms, found 3 plugins.
Preloading 0 native plugins for Editor in 0.00 ms.
Mono: successfully reloaded assembly
- Completed reload, in  0.610 seconds
Domain Reload Profiling:
	ReloadAssembly (610ms)
		BeginReloadAssembly (68ms)
			ExecutionOrderSort (0ms)
			DisableScriptedObjects (0ms)
			BackupInstance (0ms)
			ReleaseScriptingObjects (0ms)
			CreateAndSetChildDomain (1ms)
		EndReloadAssembly (471ms)
			LoadAssemblies (66ms)
			RebuildTransferFunctionScriptingTraits (0ms)
			SetupTypeCache (158ms)
			ReleaseScriptCaches (0ms)
			RebuildScriptCaches (32ms)
			SetupLoadedEditorAssemblies (180ms)
				LogAssemblyErrors (0ms)
				InitializePlatformSupportModulesInManaged (5ms)
				SetLoadedEditorAssemblies (0ms)
				RefreshPlugins (45ms)
				BeforeProcessingInitializeOnLoad (10ms)
				ProcessInitializeOnLoadAttributes (89ms)
				ProcessInitializeOnLoadMethodAttributes (31ms)
				AfterProcessingInitializeOnLoad (0ms)
				EditorAssembliesLoaded (0ms)
			ExecutionOrderSort2 (0ms)
			AwakeInstancesAfterBackupRestoration (0ms)
Platform modules already initialized, skipping
Registering precompiled user dll's ...
Registered in 0.003612 seconds.
Begin MonoManager ReloadAssembly
Native extension for WindowsStandalone target not found
Native extension for WebGL target not found
Refreshing native plugins compatible for Editor in 44.11 ms, found 3 plugins.
Preloading 0 native plugins for Editor in 0.00 ms.
Mono: successfully reloaded assembly
- Completed reload, in  1.106 seconds
Domain Reload Profiling:
	ReloadAssembly (1107ms)
		BeginReloadAssembly (147ms)
			ExecutionOrderSort (0ms)
			DisableScriptedObjects (5ms)
			BackupInstance (0ms)
			ReleaseScriptingObjects (0ms)
			CreateAndSetChildDomain (19ms)
		EndReloadAssembly (900ms)
			LoadAssemblies (91ms)
			RebuildTransferFunctionScriptingTraits (0ms)
			SetupTypeCache (306ms)
			ReleaseScriptCaches (0ms)
			RebuildScriptCaches (48ms)
			SetupLoadedEditorAssemblies (344ms)
				LogAssemblyErrors (0ms)
				InitializePlatformSupportModulesInManaged (5ms)
				SetLoadedEditorAssemblies (0ms)
				RefreshPlugins (44ms)
				BeforeProcessingInitializeOnLoad (69ms)
				ProcessInitializeOnLoadAttributes (203ms)
				ProcessInitializeOnLoadMethodAttributes (18ms)
				AfterProcessingInitializeOnLoad (4ms)
				EditorAssembliesLoaded (0ms)
			ExecutionOrderSort2 (0ms)
			AwakeInstancesAfterBackupRestoration (6ms)
Platform modules already initialized, skipping
========================================================================
Worker process is ready to serve import requests
Launched and connected shader compiler UnityShaderCompiler.exe after 0.07 seconds
Refreshing native plugins compatible for Editor in 0.80 ms, found 3 plugins.
Preloading 0 native plugins for Editor in 0.00 ms.
Unloading 2196 Unused Serialized files (Serialized files now loaded: 0)
System memory in use before: 96.1 MB.
System memory in use after: 96.0 MB.

Unloading 31 unused Assets to reduce memory usage. Loaded Objects now: 2626.
Total: 4.983400 ms (FindLiveObjects: 0.233100 ms CreateObjectMapping: 0.110500 ms MarkObjects: 4.466400 ms  DeleteObjects: 0.172000 ms)

AssetImportParameters requested are different than current active one (requested -> active):
  custom:framework-win-MediaFoundation: 216162199b28c13a410421893ffa2e32 -> 
  custom:video-decoder-ogg-theora: a1e56fd34408186e4bbccfd4996cb3dc -> 
  custom:container-muxer-webm: aa71ff27fc2769a1b78a27578f13a17b -> 
  custom:container-demuxer-webm: 4f35f7cbe854078d1ac9338744f61a02 -> 
  custom:container-demuxer-ogg: 62fdf1f143b41e24485cea50d1cbac27 -> 
  custom:video-encoder-webm-vp8: eb34c28f22e8b96e1ab97ce403110664 -> 
  custom:video-decoder-webm-vp8: 9c59270c3fd7afecdb556c50c9e8de78 -> 
  custom:audio-decoder-ogg-vorbis: bf7c407c2cedff20999df2af8eb42d56 -> 
  custom:audio-encoder-webm-vorbis: bf7c407c2cedff20999df2af8eb42d56 -> 
========================================================================
Received Import Request.
  path: Assets/Sprites/blake4.png
  artifactKey: Guid(3d7e0f12b42776d4cbca9d85b56911e0) Importer(815301076,1909f56bfc062723c751e8b465ee728b)
Start importing Assets/Sprites/blake4.png using Guid(3d7e0f12b42776d4cbca9d85b56911e0) Importer(815301076,1909f56bfc062723c751e8b465ee728b)  -> (artifact id: '60ec24b6792f8db44f98d9741c61b855') in 0.137788 seconds 
========================================================================
Received Import Request.
  Time since last request: 0.000246 seconds.
  path: Assets/Sprites/blake3.png
  artifactKey: Guid(1dbb3daf34a11b945857f157f30b7119) Importer(815301076,1909f56bfc062723c751e8b465ee728b)
Start importing Assets/Sprites/blake3.png using Guid(1dbb3daf34a11b945857f157f30b7119) Importer(815301076,1909f56bfc062723c751e8b465ee728b)  -> (artifact id: '5c015faed45a5f3cf4e53662f48125fe') in 0.021747 seconds 
========================================================================
Received Import Request.
  Time since last request: 0.000218 seconds.
  path: Assets/Sprites/fred2.png
  artifactKey: Guid(12fb8ed73d291634385454d14f0b1c45) Importer(815301076,1909f56bfc062723c751e8b465ee728b)
Start importing Assets/Sprites/fred2.png using Guid(12fb8ed73d291634385454d14f0b1c45) Importer(815301076,1909f56bfc062723c751e8b465ee728b)  -> (artifact id: '8be7b00ad58aeb14dfa4acec03dd01d0') in 0.019509 seconds 
========================================================================
Received Import Request.
  Time since last request: 0.000254 seconds.
  path: Assets/Sprites/blake1.png
  artifactKey: Guid(26b8472df85c40d409f7ab321a8c52d8) Importer(815301076,1909f56bfc062723c751e8b465ee728b)
Start importing Assets/Sprites/blake1.png using Guid(26b8472df85c40d409f7ab321a8c52d8) Importer(815301076,1909f56bfc062723c751e8b465ee728b)  -> (artifact id: 'b506f4ebe69dfeb07647922172ee7ded') in 0.019685 seconds 
========================================================================
Received Import Request.
  Time since last request: 0.000310 seconds.
  path: Assets/Sprites
  artifactKey: Guid(154c734384981854d875a4bd610720cd) Importer(815301076,1909f56bfc062723c751e8b465ee728b)
Start importing Assets/Sprites using Guid(154c734384981854d875a4bd610720cd) Importer(815301076,1909f56bfc062723c751e8b465ee728b)  -> (artifact id: '407277617b9cb3afcebab84224e61765') in 0.011709 seconds 
========================================================================
Received Import Request.
  Time since last request: 0.000378 seconds.
  path: Assets/Sprites/fred1.png
  artifactKey: Guid(51f6ea751f880f24cb8a7d1d75718f4b) Importer(815301076,1909f56bfc062723c751e8b465ee728b)
Start importing Assets/Sprites/fred1.png using Guid(51f6ea751f880f24cb8a7d1d75718f4b) Importer(815301076,1909f56bfc062723c751e8b465ee728b)  -> (artifact id: 'c9f9c7039762cd566f5242978921917e') in 0.024115 seconds 
========================================================================
Received Import Request.
  Time since last request: 0.000422 seconds.
  path: Assets/Sprites/fred3.png
  artifactKey: Guid(bad7f48e85445bb49bba9b3957c69e01) Importer(815301076,1909f56bfc062723c751e8b465ee728b)
Start importing Assets/Sprites/fred3.png using Guid(bad7f48e85445bb49bba9b3957c69e01) Importer(815301076,1909f56bfc062723c751e8b465ee728b)  -> (artifact id: '5a5c194030f39464dbf98d395e4b5769') in 0.024343 seconds 
========================================================================
Received Import Request.
  Time since last request: 0.000235 seconds.
  path: Assets/Sprites/blake2.png
  artifactKey: Guid(71481bbe073731542bd5f97264b78dc2) Importer(815301076,1909f56bfc062723c751e8b465ee728b)
Start importing Assets/Sprites/blake2.png using Guid(71481bbe073731542bd5f97264b78dc2) Importer(815301076,1909f56bfc062723c751e8b465ee728b)  -> (artifact id: '0cfebc7420354145ed6b33c31d934488') in 0.022717 seconds 
========================================================================
Received Import Request.
  Time since last request: 95.497654 seconds.
  path: Assets/Sprites/office-bg.png
  artifactKey: Guid(b71146ca37d63334381fbadb08f8294f) Importer(815301076,1909f56bfc062723c751e8b465ee728b)
Start importing Assets/Sprites/office-bg.png using Guid(b71146ca37d63334381fbadb08f8294f) Importer(815301076,1909f56bfc062723c751e8b465ee728b)  -> (artifact id: '82681f922ebaab2080c3b7b54518ab55') in 0.036743 seconds 
========================================================================
Received Import Request.
  Time since last request: 187.707342 seconds.
  path: Assets/Sprites/office-bg.png
  artifactKey: Guid(b71146ca37d63334381fbadb08f8294f) Importer(815301076,1909f56bfc062723c751e8b465ee728b)
Start importing Assets/Sprites/office-bg.png using Guid(b71146ca37d63334381fbadb08f8294f) Importer(815301076,1909f56bfc062723c751e8b465ee728b)  -> (artifact id: '5361d3321288c65cd4201544b4f428d1') in 0.022000 seconds 
========================================================================
Received Import Request.
  Time since last request: 20.215907 seconds.
  path: Assets/Sprites/fred2.png
  artifactKey: Guid(12fb8ed73d291634385454d14f0b1c45) Importer(815301076,1909f56bfc062723c751e8b465ee728b)
Start importing Assets/Sprites/fred2.png using Guid(12fb8ed73d291634385454d14f0b1c45) Importer(815301076,1909f56bfc062723c751e8b465ee728b)  -> (artifact id: 'f1e9a6b3596a52bd4325d091eb0ed5fc') in 0.021912 seconds 
========================================================================
Received Import Request.
  Time since last request: 0.000777 seconds.
  path: Assets/Sprites/blake1.png
  artifactKey: Guid(26b8472df85c40d409f7ab321a8c52d8) Importer(815301076,1909f56bfc062723c751e8b465ee728b)
Start importing Assets/Sprites/blake1.png using Guid(26b8472df85c40d409f7ab321a8c52d8) Importer(815301076,1909f56bfc062723c751e8b465ee728b)  -> (artifact id: '786956f4c681e7a86194856529f73c7b') in 0.021198 seconds 
========================================================================
Received Import Request.
  Time since last request: 0.000243 seconds.
  path: Assets/Sprites/blake4.png
  artifactKey: Guid(3d7e0f12b42776d4cbca9d85b56911e0) Importer(815301076,1909f56bfc062723c751e8b465ee728b)
Start importing Assets/Sprites/blake4.png using Guid(3d7e0f12b42776d4cbca9d85b56911e0) Importer(815301076,1909f56bfc062723c751e8b465ee728b)  -> (artifact id: 'f98961535e0fd8602000ab2792717b96') in 0.021968 seconds 
========================================================================
Received Import Request.
  Time since last request: 0.000340 seconds.
  path: Assets/Sprites/blake3.png
  artifactKey: Guid(1dbb3daf34a11b945857f157f30b7119) Importer(815301076,1909f56bfc062723c751e8b465ee728b)
Start importing Assets/Sprites/blake3.png using Guid(1dbb3daf34a11b945857f157f30b7119) Importer(815301076,1909f56bfc062723c751e8b465ee728b)  -> (artifact id: '7332f976ca1dff828c1218218d25f9ea') in 0.020584 seconds 
========================================================================
Received Import Request.
  Time since last request: 0.000240 seconds.
  path: Assets/Sprites/fred1.png
  artifactKey: Guid(51f6ea751f880f24cb8a7d1d75718f4b) Importer(815301076,1909f56bfc062723c751e8b465ee728b)
Start importing Assets/Sprites/fred1.png using Guid(51f6ea751f880f24cb8a7d1d75718f4b) Importer(815301076,1909f56bfc062723c751e8b465ee728b)  -> (artifact id: '50c837c6e43e78685b77ffa135a8d09b') in 0.029615 seconds 
========================================================================
Received Import Request.
  Time since last request: 0.000993 seconds.
  path: Assets/Sprites/fred3.png
  artifactKey: Guid(bad7f48e85445bb49bba9b3957c69e01) Importer(815301076,1909f56bfc062723c751e8b465ee728b)
Start importing Assets/Sprites/fred3.png using Guid(bad7f48e85445bb49bba9b3957c69e01) Importer(815301076,1909f56bfc062723c751e8b465ee728b)  -> (artifact id: '2ddb3c8b819e4ab08dfd934f5c7eec58') in 0.061917 seconds 
========================================================================
Received Import Request.
  Time since last request: 0.000371 seconds.
  path: Assets/Sprites/blake2.png
  artifactKey: Guid(71481bbe073731542bd5f97264b78dc2) Importer(815301076,1909f56bfc062723c751e8b465ee728b)
Start importing Assets/Sprites/blake2.png using Guid(71481bbe073731542bd5f97264b78dc2) Importer(815301076,1909f56bfc062723c751e8b465ee728b)  -> (artifact id: 'df9b8a3f126ac7d0f14fe073a8cc6953') in 0.053004 seconds 
========================================================================
Received Import Request.
  Time since last request: 8.439658 seconds.
  path: Assets/Sprites/fred2.png
  artifactKey: Guid(12fb8ed73d291634385454d14f0b1c45) Importer(815301076,1909f56bfc062723c751e8b465ee728b)
Start importing Assets/Sprites/fred2.png using Guid(12fb8ed73d291634385454d14f0b1c45) Importer(815301076,1909f56bfc062723c751e8b465ee728b)  -> (artifact id: '0efa89135c51545967db4658cb3ea358') in 0.017681 seconds 
========================================================================
Received Import Request.
  Time since last request: 0.000200 seconds.
  path: Assets/Sprites/blake3.png
  artifactKey: Guid(1dbb3daf34a11b945857f157f30b7119) Importer(815301076,1909f56bfc062723c751e8b465ee728b)
Start importing Assets/Sprites/blake3.png using Guid(1dbb3daf34a11b945857f157f30b7119) Importer(815301076,1909f56bfc062723c751e8b465ee728b)  -> (artifact id: '25e3b92f44fc32ee05c192241071a5b7') in 0.020281 seconds 
========================================================================
Received Import Request.
  Time since last request: 0.000253 seconds.
  path: Assets/Sprites/blake4.png
  artifactKey: Guid(3d7e0f12b42776d4cbca9d85b56911e0) Importer(815301076,1909f56bfc062723c751e8b465ee728b)
Start importing Assets/Sprites/blake4.png using Guid(3d7e0f12b42776d4cbca9d85b56911e0) Importer(815301076,1909f56bfc062723c751e8b465ee728b)  -> (artifact id: '6f2cdabcb12e74bc4645c6bc9120726f') in 0.018436 seconds 
========================================================================
Received Import Request.
  Time since last request: 0.000280 seconds.
  path: Assets/Sprites/blake1.png
  artifactKey: Guid(26b8472df85c40d409f7ab321a8c52d8) Importer(815301076,1909f56bfc062723c751e8b465ee728b)
Start importing Assets/Sprites/blake1.png using Guid(26b8472df85c40d409f7ab321a8c52d8) Importer(815301076,1909f56bfc062723c751e8b465ee728b)  -> (artifact id: '353800127539b8e29d3d55e6b1a6912d') in 0.017869 seconds 
========================================================================
Received Import Request.
  Time since last request: 0.000255 seconds.
  path: Assets/Sprites/fred1.png
  artifactKey: Guid(51f6ea751f880f24cb8a7d1d75718f4b) Importer(815301076,1909f56bfc062723c751e8b465ee728b)
Start importing Assets/Sprites/fred1.png using Guid(51f6ea751f880f24cb8a7d1d75718f4b) Importer(815301076,1909f56bfc062723c751e8b465ee728b)  -> (artifact id: '950652195bffe2679528c6333cc85ec1') in 0.021587 seconds 
========================================================================
Received Import Request.
  Time since last request: 0.000252 seconds.
  path: Assets/Sprites/fred3.png
  artifactKey: Guid(bad7f48e85445bb49bba9b3957c69e01) Importer(815301076,1909f56bfc062723c751e8b465ee728b)
Start importing Assets/Sprites/fred3.png using Guid(bad7f48e85445bb49bba9b3957c69e01) Importer(815301076,1909f56bfc062723c751e8b465ee728b)  -> (artifact id: '6944728b136793a4204b51a4ad327b3d') in 0.020173 seconds 
========================================================================
Received Import Request.
  Time since last request: 0.000213 seconds.
  path: Assets/Sprites/blake2.png
  artifactKey: Guid(71481bbe073731542bd5f97264b78dc2) Importer(815301076,1909f56bfc062723c751e8b465ee728b)
Start importing Assets/Sprites/blake2.png using Guid(71481bbe073731542bd5f97264b78dc2) Importer(815301076,1909f56bfc062723c751e8b465ee728b)  -> (artifact id: 'b3b4d8a82ded523c42a7881ee8b52a1b') in 0.056233 seconds 
========================================================================
Received Import Request.
  Time since last request: 57.079134 seconds.
  path: Assets
  artifactKey: Guid(00000000000000001000000000000000) Importer(815301076,1909f56bfc062723c751e8b465ee728b)
Start importing Assets using Guid(00000000000000001000000000000000) Importer(815301076,1909f56bfc062723c751e8b465ee728b)  -> (artifact id: '42d402b061de3733987d63b9cc3b64de') in 0.009716 seconds 
========================================================================
Received Import Request.
  Time since last request: 3.886067 seconds.
  path: Assets/Scripts
  artifactKey: Guid(6587c6f38b3262c4db0d8beaf5b4b5f9) Importer(815301076,1909f56bfc062723c751e8b465ee728b)
Start importing Assets/Scripts using Guid(6587c6f38b3262c4db0d8beaf5b4b5f9) Importer(815301076,1909f56bfc062723c751e8b465ee728b)  -> (artifact id: '58364954f17e1c29c23a6b831a3b8cf0') in 0.009761 seconds 
========================================================================
Received Import Request.
  Time since last request: 9.376320 seconds.
  path: Assets/Scripts/SceneManager.cs
  artifactKey: Guid(fafeabcf3751b174795b1bbfba1ff794) Importer(815301076,1909f56bfc062723c751e8b465ee728b)
Start importing Assets/Scripts/SceneManager.cs using Guid(fafeabcf3751b174795b1bbfba1ff794) Importer(815301076,1909f56bfc062723c751e8b465ee728b)  -> (artifact id: '2d349974748c4687f8be2c07facdfbfc') in 0.100994 seconds 
========================================================================
Received Prepare
Registering precompiled user dll's ...
Registered in 0.002558 seconds.
Begin MonoManager ReloadAssembly
Native extension for WindowsStandalone target not found
Native extension for WebGL target not found
Refreshing native plugins compatible for Editor in 0.42 ms, found 3 plugins.
Preloading 0 native plugins for Editor in 0.00 ms.
Mono: successfully reloaded assembly
- Completed reload, in  1.089 seconds
Domain Reload Profiling:
	ReloadAssembly (1090ms)
		BeginReloadAssembly (120ms)
			ExecutionOrderSort (0ms)
			DisableScriptedObjects (9ms)
			BackupInstance (0ms)
			ReleaseScriptingObjects (0ms)
			CreateAndSetChildDomain (38ms)
		EndReloadAssembly (904ms)
			LoadAssemblies (93ms)
			RebuildTransferFunctionScriptingTraits (0ms)
			SetupTypeCache (332ms)
			ReleaseScriptCaches (1ms)
			RebuildScriptCaches (59ms)
			SetupLoadedEditorAssemblies (278ms)
				LogAssemblyErrors (0ms)
				InitializePlatformSupportModulesInManaged (6ms)
				SetLoadedEditorAssemblies (0ms)
				RefreshPlugins (0ms)
				BeforeProcessingInitializeOnLoad (56ms)
				ProcessInitializeOnLoadAttributes (199ms)
				ProcessInitializeOnLoadMethodAttributes (11ms)
				AfterProcessingInitializeOnLoad (5ms)
				EditorAssembliesLoaded (0ms)
			ExecutionOrderSort2 (0ms)
			AwakeInstancesAfterBackupRestoration (12ms)
Platform modules already initialized, skipping
Refreshing native plugins compatible for Editor in 0.51 ms, found 3 plugins.
Preloading 0 native plugins for Editor in 0.00 ms.
Unloading 2192 Unused Serialized files (Serialized files now loaded: 0)
System memory in use before: 99.0 MB.
System memory in use after: 99.0 MB.

Unloading 20 unused Assets to reduce memory usage. Loaded Objects now: 2637.
Total: 2.980900 ms (FindLiveObjects: 0.179400 ms CreateObjectMapping: 0.078900 ms MarkObjects: 2.620700 ms  DeleteObjects: 0.101100 ms)

AssetImportParameters requested are different than current active one (requested -> active):
  custom:framework-win-MediaFoundation: 216162199b28c13a410421893ffa2e32 -> 
  custom:video-decoder-ogg-theora: a1e56fd34408186e4bbccfd4996cb3dc -> 
  custom:container-muxer-webm: aa71ff27fc2769a1b78a27578f13a17b -> 
  custom:container-demuxer-webm: 4f35f7cbe854078d1ac9338744f61a02 -> 
  custom:container-demuxer-ogg: 62fdf1f143b41e24485cea50d1cbac27 -> 
  custom:video-encoder-webm-vp8: eb34c28f22e8b96e1ab97ce403110664 -> 
  custom:video-decoder-webm-vp8: 9c59270c3fd7afecdb556c50c9e8de78 -> 
  custom:audio-decoder-ogg-vorbis: bf7c407c2cedff20999df2af8eb42d56 -> 
  custom:audio-encoder-webm-vorbis: bf7c407c2cedff20999df2af8eb42d56 -> 
AssetImportWorkerClient::OnTransportError - code=2 error=End of file
